{
  "stats": {
    "suites": 1,
    "tests": 4,
    "passes": 4,
    "pending": 0,
    "failures": 0,
    "start": "2024-12-03T19:11:32.589Z",
    "end": "2024-12-03T19:11:54.989Z",
    "duration": 22400,
    "testsRegistered": 4,
    "passPercent": 100,
    "pendingPercent": 0,
    "other": 0,
    "hasOther": false,
    "skipped": 0,
    "hasSkipped": false
  },
  "results": [
    {
      "uuid": "5e3506ac-7076-4477-94ac-abe2578e08e7",
      "title": "",
      "fullFile": "cypress\\e2e\\features\\livros.feature",
      "file": "cypress\\e2e\\features\\livros.feature",
      "beforeHooks": [],
      "afterHooks": [],
      "tests": [],
      "suites": [
        {
          "uuid": "6daf52e8-41ef-4db2-9dcb-abe395728323",
          "title": "Pagina Livros",
          "fullFile": "",
          "file": "",
          "beforeHooks": [],
          "afterHooks": [],
          "tests": [
            {
              "title": "Cadastrar Livro utilizando o menu lateral com sucesso",
              "fullTitle": "Pagina Livros Cadastrar Livro utilizando o menu lateral com sucesso",
              "timedOut": null,
              "duration": 5525,
              "state": "passed",
              "speed": "medium",
              "pass": true,
              "fail": false,
              "pending": false,
              "context": null,
              "code": "const state = window.testState;\nreturn cy\n  .then(() => state.onStartScenario(scenario, indexedSteps))\n  .then(() =>\n    resolveAndRunBeforeHooks.call(this, scenario.tags, state.feature.name)\n  )\n  .then(() =>\n    indexedSteps.forEach((step) =>\n      stepTest.call(this, state, step, rowData)\n    )\n  )\n  .then(() => state.onFinishScenario(scenario));",
              "err": {},
              "uuid": "4ec8f5bf-045c-4804-aa35-293eccbe3b0d",
              "parentUUID": "6daf52e8-41ef-4db2-9dcb-abe395728323",
              "isHook": false,
              "skipped": false
            },
            {
              "title": "Cadastrar Livro utilizando o menu lateral sem preencher o campo Título",
              "fullTitle": "Pagina Livros Cadastrar Livro utilizando o menu lateral sem preencher o campo Título",
              "timedOut": null,
              "duration": 4343,
              "state": "passed",
              "speed": "fast",
              "pass": true,
              "fail": false,
              "pending": false,
              "context": null,
              "code": "const state = window.testState;\nreturn cy\n  .then(() => state.onStartScenario(scenario, indexedSteps))\n  .then(() =>\n    resolveAndRunBeforeHooks.call(this, scenario.tags, state.feature.name)\n  )\n  .then(() =>\n    indexedSteps.forEach((step) =>\n      stepTest.call(this, state, step, rowData)\n    )\n  )\n  .then(() => state.onFinishScenario(scenario));",
              "err": {},
              "uuid": "e60ddd17-1bcb-4d9c-be51-5e3d4fcdc843",
              "parentUUID": "6daf52e8-41ef-4db2-9dcb-abe395728323",
              "isHook": false,
              "skipped": false
            },
            {
              "title": "Cadastrar Livro utilizando o menu lateral sem preencher o campo Autor",
              "fullTitle": "Pagina Livros Cadastrar Livro utilizando o menu lateral sem preencher o campo Autor",
              "timedOut": null,
              "duration": 4814,
              "state": "passed",
              "speed": "fast",
              "pass": true,
              "fail": false,
              "pending": false,
              "context": null,
              "code": "const state = window.testState;\nreturn cy\n  .then(() => state.onStartScenario(scenario, indexedSteps))\n  .then(() =>\n    resolveAndRunBeforeHooks.call(this, scenario.tags, state.feature.name)\n  )\n  .then(() =>\n    indexedSteps.forEach((step) =>\n      stepTest.call(this, state, step, rowData)\n    )\n  )\n  .then(() => state.onFinishScenario(scenario));",
              "err": {},
              "uuid": "763c2334-f507-4dda-80d0-5cb2f45391cc",
              "parentUUID": "6daf52e8-41ef-4db2-9dcb-abe395728323",
              "isHook": false,
              "skipped": false
            },
            {
              "title": "Cadastrar Livro utilizando o menu lateral sem preencher o campo Editora",
              "fullTitle": "Pagina Livros Cadastrar Livro utilizando o menu lateral sem preencher o campo Editora",
              "timedOut": null,
              "duration": 5418,
              "state": "passed",
              "speed": "medium",
              "pass": true,
              "fail": false,
              "pending": false,
              "context": null,
              "code": "const state = window.testState;\nreturn cy\n  .then(() => state.onStartScenario(scenario, indexedSteps))\n  .then(() =>\n    resolveAndRunBeforeHooks.call(this, scenario.tags, state.feature.name)\n  )\n  .then(() =>\n    indexedSteps.forEach((step) =>\n      stepTest.call(this, state, step, rowData)\n    )\n  )\n  .then(() => state.onFinishScenario(scenario));",
              "err": {},
              "uuid": "2a367d61-9fd3-4052-80c2-2ba4e9ad497b",
              "parentUUID": "6daf52e8-41ef-4db2-9dcb-abe395728323",
              "isHook": false,
              "skipped": false
            }
          ],
          "suites": [],
          "passes": [
            "4ec8f5bf-045c-4804-aa35-293eccbe3b0d",
            "e60ddd17-1bcb-4d9c-be51-5e3d4fcdc843",
            "763c2334-f507-4dda-80d0-5cb2f45391cc",
            "2a367d61-9fd3-4052-80c2-2ba4e9ad497b"
          ],
          "failures": [],
          "pending": [],
          "skipped": [],
          "duration": 20100,
          "root": false,
          "rootEmpty": false,
          "_timeout": 2000
        }
      ],
      "passes": [],
      "failures": [],
      "pending": [],
      "skipped": [],
      "duration": 0,
      "root": true,
      "rootEmpty": true,
      "_timeout": 2000
    }
  ],
  "meta": {
    "mocha": {
      "version": "7.0.1"
    },
    "mochawesome": {
      "options": {
        "quiet": false,
        "reportFilename": "mochawesome",
        "saveHtml": false,
        "saveJson": true,
        "consoleReporter": "spec",
        "useInlineDiffs": false,
        "code": true
      },
      "version": "7.1.3"
    },
    "marge": {
      "options": {
        "reportDir": "cypress/results",
        "overwrite": false,
        "html": false,
        "json": true,
        "inline": true
      },
      "version": "6.2.0"
    }
  }
}