{
  "stats": {
    "suites": 1,
    "tests": 4,
    "passes": 4,
    "pending": 0,
    "failures": 0,
    "start": "2024-12-03T19:11:18.599Z",
    "end": "2024-12-03T19:11:25.497Z",
    "duration": 6898,
    "testsRegistered": 4,
    "passPercent": 100,
    "pendingPercent": 0,
    "other": 0,
    "hasOther": false,
    "skipped": 0,
    "hasSkipped": false
  },
  "results": [
    {
      "uuid": "7258cb38-2936-4726-9e02-dfa8a6cebb6d",
      "title": "",
      "fullFile": "cypress\\e2e\\features\\autores.feature",
      "file": "cypress\\e2e\\features\\autores.feature",
      "beforeHooks": [],
      "afterHooks": [],
      "tests": [],
      "suites": [
        {
          "uuid": "c1db9aa3-5a6d-427c-9bda-6fed6cdc2ddf",
          "title": "Pagina Autores",
          "fullFile": "",
          "file": "",
          "beforeHooks": [],
          "afterHooks": [],
          "tests": [
            {
              "title": "Cadastrar Autor utilizando o menu lateral com sucesso",
              "fullTitle": "Pagina Autores Cadastrar Autor utilizando o menu lateral com sucesso",
              "timedOut": null,
              "duration": 2485,
              "state": "passed",
              "speed": "fast",
              "pass": true,
              "fail": false,
              "pending": false,
              "context": null,
              "code": "const state = window.testState;\nreturn cy\n  .then(() => state.onStartScenario(scenario, indexedSteps))\n  .then(() =>\n    resolveAndRunBeforeHooks.call(this, scenario.tags, state.feature.name)\n  )\n  .then(() =>\n    indexedSteps.forEach((step) =>\n      stepTest.call(this, state, step, rowData)\n    )\n  )\n  .then(() => state.onFinishScenario(scenario));",
              "err": {},
              "uuid": "b360863a-cc8a-4f92-9cab-eebbc588a503",
              "parentUUID": "c1db9aa3-5a6d-427c-9bda-6fed6cdc2ddf",
              "isHook": false,
              "skipped": false
            },
            {
              "title": "Cadastrar Autor utilizando o menu lateral sem preencher o campo Nacionalidade",
              "fullTitle": "Pagina Autores Cadastrar Autor utilizando o menu lateral sem preencher o campo Nacionalidade",
              "timedOut": null,
              "duration": 992,
              "state": "passed",
              "speed": "fast",
              "pass": true,
              "fail": false,
              "pending": false,
              "context": null,
              "code": "const state = window.testState;\nreturn cy\n  .then(() => state.onStartScenario(scenario, indexedSteps))\n  .then(() =>\n    resolveAndRunBeforeHooks.call(this, scenario.tags, state.feature.name)\n  )\n  .then(() =>\n    indexedSteps.forEach((step) =>\n      stepTest.call(this, state, step, rowData)\n    )\n  )\n  .then(() => state.onFinishScenario(scenario));",
              "err": {},
              "uuid": "2ffdf3e8-a10e-40d9-a4e9-61f7cc70178a",
              "parentUUID": "c1db9aa3-5a6d-427c-9bda-6fed6cdc2ddf",
              "isHook": false,
              "skipped": false
            },
            {
              "title": "Cadastrar Autor utilizando o menu lateral sem preencher o campo Nome do Autor",
              "fullTitle": "Pagina Autores Cadastrar Autor utilizando o menu lateral sem preencher o campo Nome do Autor",
              "timedOut": null,
              "duration": 947,
              "state": "passed",
              "speed": "fast",
              "pass": true,
              "fail": false,
              "pending": false,
              "context": null,
              "code": "const state = window.testState;\nreturn cy\n  .then(() => state.onStartScenario(scenario, indexedSteps))\n  .then(() =>\n    resolveAndRunBeforeHooks.call(this, scenario.tags, state.feature.name)\n  )\n  .then(() =>\n    indexedSteps.forEach((step) =>\n      stepTest.call(this, state, step, rowData)\n    )\n  )\n  .then(() => state.onFinishScenario(scenario));",
              "err": {},
              "uuid": "34b2bdf6-2cca-43e4-bd87-f27784a10a7e",
              "parentUUID": "c1db9aa3-5a6d-427c-9bda-6fed6cdc2ddf",
              "isHook": false,
              "skipped": false
            },
            {
              "title": "Cadastrar Autor utilizando o menu lateral sem preencher os campos",
              "fullTitle": "Pagina Autores Cadastrar Autor utilizando o menu lateral sem preencher os campos",
              "timedOut": null,
              "duration": 702,
              "state": "passed",
              "speed": "fast",
              "pass": true,
              "fail": false,
              "pending": false,
              "context": null,
              "code": "const state = window.testState;\nreturn cy\n  .then(() => state.onStartScenario(scenario, indexedSteps))\n  .then(() =>\n    resolveAndRunBeforeHooks.call(this, scenario.tags, state.feature.name)\n  )\n  .then(() =>\n    indexedSteps.forEach((step) =>\n      stepTest.call(this, state, step, rowData)\n    )\n  )\n  .then(() => state.onFinishScenario(scenario));",
              "err": {},
              "uuid": "4d40e229-f954-442d-8331-281ca93bb08a",
              "parentUUID": "c1db9aa3-5a6d-427c-9bda-6fed6cdc2ddf",
              "isHook": false,
              "skipped": false
            }
          ],
          "suites": [],
          "passes": [
            "b360863a-cc8a-4f92-9cab-eebbc588a503",
            "2ffdf3e8-a10e-40d9-a4e9-61f7cc70178a",
            "34b2bdf6-2cca-43e4-bd87-f27784a10a7e",
            "4d40e229-f954-442d-8331-281ca93bb08a"
          ],
          "failures": [],
          "pending": [],
          "skipped": [],
          "duration": 5126,
          "root": false,
          "rootEmpty": false,
          "_timeout": 2000
        }
      ],
      "passes": [],
      "failures": [],
      "pending": [],
      "skipped": [],
      "duration": 0,
      "root": true,
      "rootEmpty": true,
      "_timeout": 2000
    }
  ],
  "meta": {
    "mocha": {
      "version": "7.0.1"
    },
    "mochawesome": {
      "options": {
        "quiet": false,
        "reportFilename": "mochawesome",
        "saveHtml": false,
        "saveJson": true,
        "consoleReporter": "spec",
        "useInlineDiffs": false,
        "code": true
      },
      "version": "7.1.3"
    },
    "marge": {
      "options": {
        "reportDir": "cypress/results",
        "overwrite": false,
        "html": false,
        "json": true,
        "inline": true
      },
      "version": "6.2.0"
    }
  }
}