{
  "stats": {
    "suites": 1,
    "tests": 4,
    "passes": 4,
    "pending": 0,
    "failures": 0,
    "start": "2024-12-02T21:12:24.539Z",
    "end": "2024-12-02T21:12:25.405Z",
    "duration": 866,
    "testsRegistered": 4,
    "passPercent": 100,
    "pendingPercent": 0,
    "other": 0,
    "hasOther": false,
    "skipped": 0,
    "hasSkipped": false
  },
  "results": [
    {
      "uuid": "4e58d925-d815-44a7-b86c-fd4d152a51cb",
      "title": "",
      "fullFile": "cypress\\e2e\\features\\autores_api.feature",
      "file": "cypress\\e2e\\features\\autores_api.feature",
      "beforeHooks": [],
      "afterHooks": [],
      "tests": [],
      "suites": [
        {
          "uuid": "c509e688-b0b0-4dca-a1fa-48045268bd66",
          "title": "Testar API de Autores",
          "fullFile": "",
          "file": "",
          "beforeHooks": [],
          "afterHooks": [],
          "tests": [
            {
              "title": "Listar todos os autores",
              "fullTitle": "Testar API de Autores Listar todos os autores",
              "timedOut": null,
              "duration": 449,
              "state": "passed",
              "speed": "fast",
              "pass": true,
              "fail": false,
              "pending": false,
              "context": null,
              "code": "const state = window.testState;\nreturn cy\n  .then(() => state.onStartScenario(scenario, indexedSteps))\n  .then(() =>\n    resolveAndRunBeforeHooks.call(this, scenario.tags, state.feature.name)\n  )\n  .then(() =>\n    indexedSteps.forEach((step) =>\n      stepTest.call(this, state, step, rowData)\n    )\n  )\n  .then(() => state.onFinishScenario(scenario));",
              "err": {},
              "uuid": "214561fd-b87d-4f7b-b4e5-0ff9c16cc0fa",
              "parentUUID": "c509e688-b0b0-4dca-a1fa-48045268bd66",
              "isHook": false,
              "skipped": false
            },
            {
              "title": "Cadastrar um novo autor",
              "fullTitle": "Testar API de Autores Cadastrar um novo autor",
              "timedOut": null,
              "duration": 73,
              "state": "passed",
              "speed": "fast",
              "pass": true,
              "fail": false,
              "pending": false,
              "context": null,
              "code": "const state = window.testState;\nreturn cy\n  .then(() => state.onStartScenario(scenario, indexedSteps))\n  .then(() =>\n    resolveAndRunBeforeHooks.call(this, scenario.tags, state.feature.name)\n  )\n  .then(() =>\n    indexedSteps.forEach((step) =>\n      stepTest.call(this, state, step, rowData)\n    )\n  )\n  .then(() => state.onFinishScenario(scenario));",
              "err": {},
              "uuid": "41dc3a5e-2866-4eb5-9620-14c304abc302",
              "parentUUID": "c509e688-b0b0-4dca-a1fa-48045268bd66",
              "isHook": false,
              "skipped": false
            },
            {
              "title": "Atualizar um autor existente",
              "fullTitle": "Testar API de Autores Atualizar um autor existente",
              "timedOut": null,
              "duration": 112,
              "state": "passed",
              "speed": "fast",
              "pass": true,
              "fail": false,
              "pending": false,
              "context": null,
              "code": "const state = window.testState;\nreturn cy\n  .then(() => state.onStartScenario(scenario, indexedSteps))\n  .then(() =>\n    resolveAndRunBeforeHooks.call(this, scenario.tags, state.feature.name)\n  )\n  .then(() =>\n    indexedSteps.forEach((step) =>\n      stepTest.call(this, state, step, rowData)\n    )\n  )\n  .then(() => state.onFinishScenario(scenario));",
              "err": {},
              "uuid": "10417c98-69fc-4ae7-84f2-6123a8c46180",
              "parentUUID": "c509e688-b0b0-4dca-a1fa-48045268bd66",
              "isHook": false,
              "skipped": false
            },
            {
              "title": "Deletar um autor existente",
              "fullTitle": "Testar API de Autores Deletar um autor existente",
              "timedOut": null,
              "duration": 158,
              "state": "passed",
              "speed": "fast",
              "pass": true,
              "fail": false,
              "pending": false,
              "context": null,
              "code": "const state = window.testState;\nreturn cy\n  .then(() => state.onStartScenario(scenario, indexedSteps))\n  .then(() =>\n    resolveAndRunBeforeHooks.call(this, scenario.tags, state.feature.name)\n  )\n  .then(() =>\n    indexedSteps.forEach((step) =>\n      stepTest.call(this, state, step, rowData)\n    )\n  )\n  .then(() => state.onFinishScenario(scenario));",
              "err": {},
              "uuid": "7eb01508-f4fc-4816-bc45-8378455ec2c8",
              "parentUUID": "c509e688-b0b0-4dca-a1fa-48045268bd66",
              "isHook": false,
              "skipped": false
            }
          ],
          "suites": [],
          "passes": [
            "214561fd-b87d-4f7b-b4e5-0ff9c16cc0fa",
            "41dc3a5e-2866-4eb5-9620-14c304abc302",
            "10417c98-69fc-4ae7-84f2-6123a8c46180",
            "7eb01508-f4fc-4816-bc45-8378455ec2c8"
          ],
          "failures": [],
          "pending": [],
          "skipped": [],
          "duration": 792,
          "root": false,
          "rootEmpty": false,
          "_timeout": 2000
        }
      ],
      "passes": [],
      "failures": [],
      "pending": [],
      "skipped": [],
      "duration": 0,
      "root": true,
      "rootEmpty": true,
      "_timeout": 2000
    }
  ],
  "meta": {
    "mocha": {
      "version": "7.0.1"
    },
    "mochawesome": {
      "options": {
        "quiet": false,
        "reportFilename": "mochawesome",
        "saveHtml": true,
        "saveJson": true,
        "consoleReporter": "spec",
        "useInlineDiffs": false,
        "code": true
      },
      "version": "7.1.3"
    },
    "marge": {
      "options": {
        "reportDir": "cypress/results",
        "overwrite": false,
        "html": true,
        "json": true,
        "inline": true
      },
      "version": "6.2.0"
    }
  }
}