{
  "stats": {
    "suites": 1,
    "tests": 2,
    "passes": 1,
    "pending": 0,
    "failures": 1,
    "start": "2024-12-03T19:11:06.128Z",
    "end": "2024-12-03T19:11:14.966Z",
    "duration": 8838,
    "testsRegistered": 2,
    "passPercent": 50,
    "pendingPercent": 0,
    "other": 0,
    "hasOther": false,
    "skipped": 0,
    "hasSkipped": false
  },
  "results": [
    {
      "uuid": "105f0a56-8310-4aa3-a68c-3eb718dd5937",
      "title": "",
      "fullFile": "cypress\\e2e\\features\\login.feature",
      "file": "cypress\\e2e\\features\\login.feature",
      "beforeHooks": [],
      "afterHooks": [],
      "tests": [],
      "suites": [
        {
          "uuid": "25713d80-84bb-46d1-b7e0-62c3a80c3f11",
          "title": "Login",
          "fullFile": "",
          "file": "",
          "beforeHooks": [],
          "afterHooks": [],
          "tests": [
            {
              "title": "Acesso com sucesso",
              "fullTitle": "Login Acesso com sucesso",
              "timedOut": null,
              "duration": 3590,
              "state": "passed",
              "speed": "fast",
              "pass": true,
              "fail": false,
              "pending": false,
              "context": null,
              "code": "const state = window.testState;\nreturn cy\n  .then(() => state.onStartScenario(scenario, indexedSteps))\n  .then(() =>\n    resolveAndRunBeforeHooks.call(this, scenario.tags, state.feature.name)\n  )\n  .then(() =>\n    indexedSteps.forEach((step) =>\n      stepTest.call(this, state, step, rowData)\n    )\n  )\n  .then(() => state.onFinishScenario(scenario));",
              "err": {},
              "uuid": "bf3c2597-77f5-47bb-9fb5-128e8a45c967",
              "parentUUID": "25713d80-84bb-46d1-b7e0-62c3a80c3f11",
              "isHook": false,
              "skipped": false
            },
            {
              "title": "Acesso negado",
              "fullTitle": "Login Acesso negado",
              "timedOut": null,
              "duration": 3061,
              "state": "failed",
              "speed": null,
              "pass": false,
              "fail": true,
              "pending": false,
              "context": null,
              "code": "const state = window.testState;\nreturn cy\n  .then(() => state.onStartScenario(scenario, indexedSteps))\n  .then(() =>\n    resolveAndRunBeforeHooks.call(this, scenario.tags, state.feature.name)\n  )\n  .then(() =>\n    indexedSteps.forEach((step) =>\n      stepTest.call(this, state, step, rowData)\n    )\n  )\n  .then(() => state.onFinishScenario(scenario));",
              "err": {
                "message": "Error: Mensagem de erro não encontrada",
                "estack": "Error: Mensagem de erro não encontrada\n    at Context.eval (cypress/e2e/pages/login_page.js:33:22)",
                "diff": null
              },
              "uuid": "de511b9c-2d00-4d17-8c84-db177ef52e3a",
              "parentUUID": "25713d80-84bb-46d1-b7e0-62c3a80c3f11",
              "isHook": false,
              "skipped": false
            }
          ],
          "suites": [],
          "passes": [
            "bf3c2597-77f5-47bb-9fb5-128e8a45c967"
          ],
          "failures": [
            "de511b9c-2d00-4d17-8c84-db177ef52e3a"
          ],
          "pending": [],
          "skipped": [],
          "duration": 6651,
          "root": false,
          "rootEmpty": false,
          "_timeout": 2000
        }
      ],
      "passes": [],
      "failures": [],
      "pending": [],
      "skipped": [],
      "duration": 0,
      "root": true,
      "rootEmpty": true,
      "_timeout": 2000
    }
  ],
  "meta": {
    "mocha": {
      "version": "7.0.1"
    },
    "mochawesome": {
      "options": {
        "quiet": false,
        "reportFilename": "mochawesome",
        "saveHtml": false,
        "saveJson": true,
        "consoleReporter": "spec",
        "useInlineDiffs": false,
        "code": true
      },
      "version": "7.1.3"
    },
    "marge": {
      "options": {
        "reportDir": "cypress/results",
        "overwrite": false,
        "html": false,
        "json": true,
        "inline": true
      },
      "version": "6.2.0"
    }
  }
}