{
  "stats": {
    "suites": 1,
    "tests": 2,
    "passes": 2,
    "pending": 0,
    "failures": 0,
    "start": "2024-12-02T21:13:08.791Z",
    "end": "2024-12-02T21:13:14.720Z",
    "duration": 5929,
    "testsRegistered": 2,
    "passPercent": 100,
    "pendingPercent": 0,
    "other": 0,
    "hasOther": false,
    "skipped": 0,
    "hasSkipped": false
  },
  "results": [
    {
      "uuid": "bd7e86aa-782e-4124-9020-bce1a773f4b2",
      "title": "",
      "fullFile": "cypress\\e2e\\features\\exclusoes.feature",
      "file": "cypress\\e2e\\features\\exclusoes.feature",
      "beforeHooks": [],
      "afterHooks": [],
      "tests": [],
      "suites": [
        {
          "uuid": "71de9738-4896-4ecc-b5df-bf632df37fb9",
          "title": "Exclusao de Livros e Autores",
          "fullFile": "",
          "file": "",
          "beforeHooks": [],
          "afterHooks": [],
          "tests": [
            {
              "title": "Excluir o Livro cadastrado",
              "fullTitle": "Exclusao de Livros e Autores Excluir o Livro cadastrado",
              "timedOut": null,
              "duration": 1989,
              "state": "passed",
              "speed": "fast",
              "pass": true,
              "fail": false,
              "pending": false,
              "context": null,
              "code": "const state = window.testState;\nreturn cy\n  .then(() => state.onStartScenario(scenario, indexedSteps))\n  .then(() =>\n    resolveAndRunBeforeHooks.call(this, scenario.tags, state.feature.name)\n  )\n  .then(() =>\n    indexedSteps.forEach((step) =>\n      stepTest.call(this, state, step, rowData)\n    )\n  )\n  .then(() => state.onFinishScenario(scenario));",
              "err": {},
              "uuid": "3dbd257a-3d3a-4594-abc4-3475a92ae0e2",
              "parentUUID": "71de9738-4896-4ecc-b5df-bf632df37fb9",
              "isHook": false,
              "skipped": false
            },
            {
              "title": "Excluir o autor cadastrado",
              "fullTitle": "Exclusao de Livros e Autores Excluir o autor cadastrado",
              "timedOut": null,
              "duration": 639,
              "state": "passed",
              "speed": "fast",
              "pass": true,
              "fail": false,
              "pending": false,
              "context": null,
              "code": "const state = window.testState;\nreturn cy\n  .then(() => state.onStartScenario(scenario, indexedSteps))\n  .then(() =>\n    resolveAndRunBeforeHooks.call(this, scenario.tags, state.feature.name)\n  )\n  .then(() =>\n    indexedSteps.forEach((step) =>\n      stepTest.call(this, state, step, rowData)\n    )\n  )\n  .then(() => state.onFinishScenario(scenario));",
              "err": {},
              "uuid": "960fa1e9-7e0d-47e3-a4f0-e74729b76352",
              "parentUUID": "71de9738-4896-4ecc-b5df-bf632df37fb9",
              "isHook": false,
              "skipped": false
            }
          ],
          "suites": [],
          "passes": [
            "3dbd257a-3d3a-4594-abc4-3475a92ae0e2",
            "960fa1e9-7e0d-47e3-a4f0-e74729b76352"
          ],
          "failures": [],
          "pending": [],
          "skipped": [],
          "duration": 2628,
          "root": false,
          "rootEmpty": false,
          "_timeout": 2000
        }
      ],
      "passes": [],
      "failures": [],
      "pending": [],
      "skipped": [],
      "duration": 0,
      "root": true,
      "rootEmpty": true,
      "_timeout": 2000
    }
  ],
  "meta": {
    "mocha": {
      "version": "7.0.1"
    },
    "mochawesome": {
      "options": {
        "quiet": false,
        "reportFilename": "mochawesome",
        "saveHtml": true,
        "saveJson": true,
        "consoleReporter": "spec",
        "useInlineDiffs": false,
        "code": true
      },
      "version": "7.1.3"
    },
    "marge": {
      "options": {
        "reportDir": "cypress/results",
        "overwrite": false,
        "html": true,
        "json": true,
        "inline": true
      },
      "version": "6.2.0"
    }
  }
}