{
  "stats": {
    "suites": 1,
    "tests": 4,
    "passes": 4,
    "pending": 0,
    "failures": 0,
    "start": "2024-12-03T19:11:28.936Z",
    "end": "2024-12-03T19:11:29.476Z",
    "duration": 540,
    "testsRegistered": 4,
    "passPercent": 100,
    "pendingPercent": 0,
    "other": 0,
    "hasOther": false,
    "skipped": 0,
    "hasSkipped": false
  },
  "results": [
    {
      "uuid": "35f26c00-964b-421c-b8ca-75a95c68aea4",
      "title": "",
      "fullFile": "cypress\\e2e\\features\\autores_api.feature",
      "file": "cypress\\e2e\\features\\autores_api.feature",
      "beforeHooks": [],
      "afterHooks": [],
      "tests": [],
      "suites": [
        {
          "uuid": "b5224199-ff73-4286-8e6e-924d9662f6d1",
          "title": "Testar API de Autores",
          "fullFile": "",
          "file": "",
          "beforeHooks": [],
          "afterHooks": [],
          "tests": [
            {
              "title": "Listar todos os autores",
              "fullTitle": "Testar API de Autores Listar todos os autores",
              "timedOut": null,
              "duration": 119,
              "state": "passed",
              "speed": "fast",
              "pass": true,
              "fail": false,
              "pending": false,
              "context": null,
              "code": "const state = window.testState;\nreturn cy\n  .then(() => state.onStartScenario(scenario, indexedSteps))\n  .then(() =>\n    resolveAndRunBeforeHooks.call(this, scenario.tags, state.feature.name)\n  )\n  .then(() =>\n    indexedSteps.forEach((step) =>\n      stepTest.call(this, state, step, rowData)\n    )\n  )\n  .then(() => state.onFinishScenario(scenario));",
              "err": {},
              "uuid": "459e8dcd-c7fe-45c4-8287-8191d609b9b8",
              "parentUUID": "b5224199-ff73-4286-8e6e-924d9662f6d1",
              "isHook": false,
              "skipped": false
            },
            {
              "title": "Cadastrar um novo autor",
              "fullTitle": "Testar API de Autores Cadastrar um novo autor",
              "timedOut": null,
              "duration": 71,
              "state": "passed",
              "speed": "fast",
              "pass": true,
              "fail": false,
              "pending": false,
              "context": null,
              "code": "const state = window.testState;\nreturn cy\n  .then(() => state.onStartScenario(scenario, indexedSteps))\n  .then(() =>\n    resolveAndRunBeforeHooks.call(this, scenario.tags, state.feature.name)\n  )\n  .then(() =>\n    indexedSteps.forEach((step) =>\n      stepTest.call(this, state, step, rowData)\n    )\n  )\n  .then(() => state.onFinishScenario(scenario));",
              "err": {},
              "uuid": "0f6a8e15-a354-40e4-a62f-5f81e0866aa4",
              "parentUUID": "b5224199-ff73-4286-8e6e-924d9662f6d1",
              "isHook": false,
              "skipped": false
            },
            {
              "title": "Atualizar um autor existente",
              "fullTitle": "Testar API de Autores Atualizar um autor existente",
              "timedOut": null,
              "duration": 118,
              "state": "passed",
              "speed": "fast",
              "pass": true,
              "fail": false,
              "pending": false,
              "context": null,
              "code": "const state = window.testState;\nreturn cy\n  .then(() => state.onStartScenario(scenario, indexedSteps))\n  .then(() =>\n    resolveAndRunBeforeHooks.call(this, scenario.tags, state.feature.name)\n  )\n  .then(() =>\n    indexedSteps.forEach((step) =>\n      stepTest.call(this, state, step, rowData)\n    )\n  )\n  .then(() => state.onFinishScenario(scenario));",
              "err": {},
              "uuid": "80475f10-5aff-4cb2-bdf2-37d9141dcc27",
              "parentUUID": "b5224199-ff73-4286-8e6e-924d9662f6d1",
              "isHook": false,
              "skipped": false
            },
            {
              "title": "Deletar um autor existente",
              "fullTitle": "Testar API de Autores Deletar um autor existente",
              "timedOut": null,
              "duration": 157,
              "state": "passed",
              "speed": "fast",
              "pass": true,
              "fail": false,
              "pending": false,
              "context": null,
              "code": "const state = window.testState;\nreturn cy\n  .then(() => state.onStartScenario(scenario, indexedSteps))\n  .then(() =>\n    resolveAndRunBeforeHooks.call(this, scenario.tags, state.feature.name)\n  )\n  .then(() =>\n    indexedSteps.forEach((step) =>\n      stepTest.call(this, state, step, rowData)\n    )\n  )\n  .then(() => state.onFinishScenario(scenario));",
              "err": {},
              "uuid": "9c231560-4074-4605-8544-97e1e26ca035",
              "parentUUID": "b5224199-ff73-4286-8e6e-924d9662f6d1",
              "isHook": false,
              "skipped": false
            }
          ],
          "suites": [],
          "passes": [
            "459e8dcd-c7fe-45c4-8287-8191d609b9b8",
            "0f6a8e15-a354-40e4-a62f-5f81e0866aa4",
            "80475f10-5aff-4cb2-bdf2-37d9141dcc27",
            "9c231560-4074-4605-8544-97e1e26ca035"
          ],
          "failures": [],
          "pending": [],
          "skipped": [],
          "duration": 465,
          "root": false,
          "rootEmpty": false,
          "_timeout": 2000
        }
      ],
      "passes": [],
      "failures": [],
      "pending": [],
      "skipped": [],
      "duration": 0,
      "root": true,
      "rootEmpty": true,
      "_timeout": 2000
    }
  ],
  "meta": {
    "mocha": {
      "version": "7.0.1"
    },
    "mochawesome": {
      "options": {
        "quiet": false,
        "reportFilename": "mochawesome",
        "saveHtml": false,
        "saveJson": true,
        "consoleReporter": "spec",
        "useInlineDiffs": false,
        "code": true
      },
      "version": "7.1.3"
    },
    "marge": {
      "options": {
        "reportDir": "cypress/results",
        "overwrite": false,
        "html": false,
        "json": true,
        "inline": true
      },
      "version": "6.2.0"
    }
  }
}