{
  "stats": {
    "suites": 1,
    "tests": 2,
    "passes": 2,
    "pending": 0,
    "failures": 0,
    "start": "2024-12-02T21:12:58.199Z",
    "end": "2024-12-02T21:13:04.321Z",
    "duration": 6122,
    "testsRegistered": 2,
    "passPercent": 100,
    "pendingPercent": 0,
    "other": 0,
    "hasOther": false,
    "skipped": 0,
    "hasSkipped": false
  },
  "results": [
    {
      "uuid": "8883e3a8-85e6-44b0-9737-94cb01952bff",
      "title": "",
      "fullFile": "cypress\\e2e\\features\\edicoes.feature",
      "file": "cypress\\e2e\\features\\edicoes.feature",
      "beforeHooks": [],
      "afterHooks": [],
      "tests": [],
      "suites": [
        {
          "uuid": "f67ca562-bcab-45c9-afb0-6d37e6e7d9c1",
          "title": "Edicao de Livros e Autores",
          "fullFile": "",
          "file": "",
          "beforeHooks": [],
          "afterHooks": [],
          "tests": [
            {
              "title": "Editar o autor cadastrado",
              "fullTitle": "Edicao de Livros e Autores Editar o autor cadastrado",
              "timedOut": null,
              "duration": 2345,
              "state": "passed",
              "speed": "fast",
              "pass": true,
              "fail": false,
              "pending": false,
              "context": null,
              "code": "const state = window.testState;\nreturn cy\n  .then(() => state.onStartScenario(scenario, indexedSteps))\n  .then(() =>\n    resolveAndRunBeforeHooks.call(this, scenario.tags, state.feature.name)\n  )\n  .then(() =>\n    indexedSteps.forEach((step) =>\n      stepTest.call(this, state, step, rowData)\n    )\n  )\n  .then(() => state.onFinishScenario(scenario));",
              "err": {},
              "uuid": "8edeb224-0778-4d0e-8ca8-ac37d0ce4d78",
              "parentUUID": "f67ca562-bcab-45c9-afb0-6d37e6e7d9c1",
              "isHook": false,
              "skipped": false
            },
            {
              "title": "Editar o Livro cadastrado",
              "fullTitle": "Edicao de Livros e Autores Editar o Livro cadastrado",
              "timedOut": null,
              "duration": 1350,
              "state": "passed",
              "speed": "fast",
              "pass": true,
              "fail": false,
              "pending": false,
              "context": null,
              "code": "const state = window.testState;\nreturn cy\n  .then(() => state.onStartScenario(scenario, indexedSteps))\n  .then(() =>\n    resolveAndRunBeforeHooks.call(this, scenario.tags, state.feature.name)\n  )\n  .then(() =>\n    indexedSteps.forEach((step) =>\n      stepTest.call(this, state, step, rowData)\n    )\n  )\n  .then(() => state.onFinishScenario(scenario));",
              "err": {},
              "uuid": "3f0b1721-652c-470d-b141-85aeed2890d7",
              "parentUUID": "f67ca562-bcab-45c9-afb0-6d37e6e7d9c1",
              "isHook": false,
              "skipped": false
            }
          ],
          "suites": [],
          "passes": [
            "8edeb224-0778-4d0e-8ca8-ac37d0ce4d78",
            "3f0b1721-652c-470d-b141-85aeed2890d7"
          ],
          "failures": [],
          "pending": [],
          "skipped": [],
          "duration": 3695,
          "root": false,
          "rootEmpty": false,
          "_timeout": 2000
        }
      ],
      "passes": [],
      "failures": [],
      "pending": [],
      "skipped": [],
      "duration": 0,
      "root": true,
      "rootEmpty": true,
      "_timeout": 2000
    }
  ],
  "meta": {
    "mocha": {
      "version": "7.0.1"
    },
    "mochawesome": {
      "options": {
        "quiet": false,
        "reportFilename": "mochawesome",
        "saveHtml": true,
        "saveJson": true,
        "consoleReporter": "spec",
        "useInlineDiffs": false,
        "code": true
      },
      "version": "7.1.3"
    },
    "marge": {
      "options": {
        "reportDir": "cypress/results",
        "overwrite": false,
        "html": true,
        "json": true,
        "inline": true
      },
      "version": "6.2.0"
    }
  }
}