{
  "stats": {
    "suites": 1,
    "tests": 2,
    "passes": 2,
    "pending": 0,
    "failures": 0,
    "start": "2024-12-03T19:11:59.276Z",
    "end": "2024-12-03T19:12:04.785Z",
    "duration": 5509,
    "testsRegistered": 2,
    "passPercent": 100,
    "pendingPercent": 0,
    "other": 0,
    "hasOther": false,
    "skipped": 0,
    "hasSkipped": false
  },
  "results": [
    {
      "uuid": "9d2f463c-7095-40a9-b1f8-2e6077289c8d",
      "title": "",
      "fullFile": "cypress\\e2e\\features\\edicoes.feature",
      "file": "cypress\\e2e\\features\\edicoes.feature",
      "beforeHooks": [],
      "afterHooks": [],
      "tests": [],
      "suites": [
        {
          "uuid": "a9d5806d-9bcf-4d9f-8407-ce14a0181abe",
          "title": "Edicao de Livros e Autores",
          "fullFile": "",
          "file": "",
          "beforeHooks": [],
          "afterHooks": [],
          "tests": [
            {
              "title": "Editar o autor cadastrado",
              "fullTitle": "Edicao de Livros e Autores Editar o autor cadastrado",
              "timedOut": null,
              "duration": 2031,
              "state": "passed",
              "speed": "fast",
              "pass": true,
              "fail": false,
              "pending": false,
              "context": null,
              "code": "const state = window.testState;\nreturn cy\n  .then(() => state.onStartScenario(scenario, indexedSteps))\n  .then(() =>\n    resolveAndRunBeforeHooks.call(this, scenario.tags, state.feature.name)\n  )\n  .then(() =>\n    indexedSteps.forEach((step) =>\n      stepTest.call(this, state, step, rowData)\n    )\n  )\n  .then(() => state.onFinishScenario(scenario));",
              "err": {},
              "uuid": "19ba1564-eef8-4c19-81b9-63aba789220e",
              "parentUUID": "a9d5806d-9bcf-4d9f-8407-ce14a0181abe",
              "isHook": false,
              "skipped": false
            },
            {
              "title": "Editar o Livro cadastrado",
              "fullTitle": "Edicao de Livros e Autores Editar o Livro cadastrado",
              "timedOut": null,
              "duration": 1378,
              "state": "passed",
              "speed": "fast",
              "pass": true,
              "fail": false,
              "pending": false,
              "context": null,
              "code": "const state = window.testState;\nreturn cy\n  .then(() => state.onStartScenario(scenario, indexedSteps))\n  .then(() =>\n    resolveAndRunBeforeHooks.call(this, scenario.tags, state.feature.name)\n  )\n  .then(() =>\n    indexedSteps.forEach((step) =>\n      stepTest.call(this, state, step, rowData)\n    )\n  )\n  .then(() => state.onFinishScenario(scenario));",
              "err": {},
              "uuid": "911a8e6f-f0ce-484f-87ff-0d50572b33a6",
              "parentUUID": "a9d5806d-9bcf-4d9f-8407-ce14a0181abe",
              "isHook": false,
              "skipped": false
            }
          ],
          "suites": [],
          "passes": [
            "19ba1564-eef8-4c19-81b9-63aba789220e",
            "911a8e6f-f0ce-484f-87ff-0d50572b33a6"
          ],
          "failures": [],
          "pending": [],
          "skipped": [],
          "duration": 3409,
          "root": false,
          "rootEmpty": false,
          "_timeout": 2000
        }
      ],
      "passes": [],
      "failures": [],
      "pending": [],
      "skipped": [],
      "duration": 0,
      "root": true,
      "rootEmpty": true,
      "_timeout": 2000
    }
  ],
  "meta": {
    "mocha": {
      "version": "7.0.1"
    },
    "mochawesome": {
      "options": {
        "quiet": false,
        "reportFilename": "mochawesome",
        "saveHtml": false,
        "saveJson": true,
        "consoleReporter": "spec",
        "useInlineDiffs": false,
        "code": true
      },
      "version": "7.1.3"
    },
    "marge": {
      "options": {
        "reportDir": "cypress/results",
        "overwrite": false,
        "html": false,
        "json": true,
        "inline": true
      },
      "version": "6.2.0"
    }
  }
}